=~=~=~=~=~=~=~=~=~=~=~= PuTTY log 2022.03.07 17:06:05 =~=~=~=~=~=~=~=~=~=~=~=
 2386
Distance: 231.55 Time: 144308
Distance: 230.52 Time: 144340
Distance: 231.55 Time: 144372
Distance: 234.638.97 Time: 144276
Distance: 231.55 Time: 144308
Distance: 230.52 Time: 144340
Distance: 231.55 Time: 144372
Distance: 234.6ÿ8.97 Time: 144276
Distance: 231.55 Time: 144308
Distance: 230.52 Time: 144340
Distance: 231.55 Time: 144372
Distance: 234.6ÿRESET
Distance: 256.72 Time: 3
Distance: 256.72 Time: 7
Distance: 260.00 Time: 12
Distance: 256.72 Time: 24
Distance: 242.93 Time: 53
Distance: 248.10 Time: 80
Distance: 246.90 Time: 109
Distance: 260.86 Time: 138
Distance: 255.69 Time: 167
Distance: 243.97 Time: 196
Distance: 243.97 Time: 225
Distance: 246.90 Time: 254
Distance: 243.97 Time: 283
Distance: 247.07 Time: 313
Distance: 243.97 Time: 342
Distance: 242.93 Time: 371
Distance: 248.28 Time: 400
Distance: 259.83 Time: 430
Distance: 260.86 Time: 458
Distance: 260.86 Time: 487
Distance: 259.83 Time: 517
Distance: 248.10 Time: 545
Distance: 247.07 Time: 575
Distance: 260.86 Time: 604
Distance: 247.07 Time: 633
Distance: 248.10 Time: 662
Distance: 248.10 Time: 691
Distance: 259.83 Time: 720
Distance: 248.10 Time: 749
Distance: 259.83 Time: 779
Distance: 248.10 Time: 807
Distance: 247.07 Time: 837
Distance: 248.10 Time: 866
Distance: 246.90 Time: 896
Distance: 248.10 Time: 924
Distance: 248.10 Time: 953
Distance: 247.07 Time: 983
Distance: 248.10 Time: 1011
Distance: 246.90 Time: 1042
Distance: 248.10 Time: 1072
Distance: 242.93 Time: 1102
Distance: 243.97 Time: 1132
Distance: 242.93 Time: 1163
Distance: 243.97 Time: 1192
Distance: 243.97 Time: 1222
Distance: 242.93 Time: 1253
Distance: 243.97 Time: 1283
Distance: 242.93 Time: 1313
Distance: 243.97 Time: 1343
Distance: 242.93 Time: 1374
Distance: 244.14 Time: 1403
Distance: 255.69 Time: 1434
Distance: 256.72 Time: 1464
Distance: 239.66 Time: 1494
Distance: 239.83 Time: 1524
Distance: 243.97 Time: 1554
Distance: 242.93 Time: 1585
Distance: 243.97 Time: 1614
Distance: 242.93 Time: 1645
Distance: 243.79 Time: 1675
Distance: 242.76 Time: 1705
Distance: 247.93 Time: 1735
Distance: 242.93 Time: 1766
Distance: 243.97 Time: 1796
Distance: 243.97 Time: 1825
Distance: 243.97 Time: 1856
Distance: 248.10 Time: 1886
Distance: 247.07 Time: 1916
Distance: 248.10 Time: 1946
Distance: 247.07 Time: 1977
Distance: 248.10 Time: 2007
Distance: 247.07 Time: 2037
Distance: 248.10 Time: 2067
Distance: 247.07 Time: 2098
Distance: 248.10 Time: 2127
Distance: 248.28 Time: 2157
Distance: 260.86 Time: 2188
Distance: 260.86 Time: 2217
Distance: 259.83 Time: 2248
Distance: 260.86 Time: 2278
Distance: 251.21 Time: 2309
Distance: 260.86 Time: 2338
Distance: 251.21 Time: 2369
Distance: 265.17 Time: 2399
Distance: 247.07 Time: 2429
Distance: 252.24 Time: 2459
Distance: 264.14 Time: 2490
Distance: 256.38 Time: 2520
Distance: 260.86 Time: 2549
Distance: 251.21 Time: 2580
Distance: 260.86 Time: 2610
Distance: 247.07 Time: 2640
Distance: 265.17 Time: 2670
Distance: 259.83 Time: 2701
Distance: 252.07 Time: 2731
Distance: 247.07 Time: 2761
Distance: 248.10 Time: 2791
Distance: 248.10 Time: 2821
Distance: 242.93 Time: 2851
Distance: 243.97 Time: 2881
Distance: 238.79 Time: 2912
Distance: 239.83 Time: 2941
Distance: 234.66 Time: 2972
Distance: 235.69 Time: 3002
Distance: 234.48 Time: 3033
Distance: 235.69 Time: 3062
Distance: 235.86 Time: 3092
Distance: 235.69 Time: 3123
Distance: 235.69 Time: 3152
Distance: 238.79 Time: 3183
Distance: 235.86 Time: 3213
Distance: 234.48 Time: 3244
Distance: 235.69 Time: 3273
Distance: 234.66 Time: 3304
Distance: 235.69 Time: 3334
Distance: 234.66 Time: 3364
Distance: 239.83 Time: 3394
Distance: 239.83 Time: 3424
Distance: 256.72 Time: 3454
Distance: 244.14 Time: 3484
Distance: 259.83 Time: 3515
Distance: 256.90 Time: 3545
Distance: 255.69 Time: 3575
Distance: 256.72 Time: 3605
Distance: 255.69 Time: 3636
Distance: 252.24 Time: 3665
Distance: 247.07 Time: 3696
Distance: 260.86 Time: 3726
Distance: 251.21 Time: 3757
Distance: 256.72 Time: 3786
Distance: 260.86 Time: 3816
Distance: 259.83 Time: 3847
Distance: 260.86 Time: 3876
Distance: 259.83 Time: 3907
Distance: 256.72 Time: 3937
Distance: 259.83 Time: 3968
Distance: 265.17 Time: 3997
Distance: 259.83 Time: 4028
Distance: 243.97 Time: 4058
Distance: 281.03 Time: 4088
Distance: 355.52 Time: 4119
Distance: 260.86 Time: 4148
Distance: 894.48 Time: 4183
Distance: 260.86 Time: 4208
Distance: 251.21 Time: 4239
Distance: 248.10 Time: 4269
Distance: 247.07 Time: 4299
Distance: 248.10 Time: 4329
Distance: 247.07 Time: 4360
Distance: 248.10 Time: 4389
Distance: 248.10 Time: 4419
Distance: 272.93 Time: 4450
Distance: 364.14 Time: 4481
Distance: 247.07 Time: 4510
Distance: 319.66 Time: 4541
Distance: 484.66 Time: 4572
Distance: 243.97 Time: 4600
Distance: 242.76 Time: 4631
Distance: 285.69 Time: 4661
Distance: 255.69 Time: 4691
Distance: 252.24 Time: 4721
Distance: 243.97 Time: 4751
Distance: 263.62 Time: 4782
Distance: 264.48 Time: 4811
Distance: 247.07 Time: 4842
Distance: 252.24 Time: 4872
Distance: 238.79 Time: 4902
Distance: 235.52 Time: 4932
Distance: 396.72 Time: 4963
Distance: 277.41 Time: 4993
Distance: 235.69 Time: 5022
Distance: 248.10 Time: 5053
Distance: 235.86 Time: 5083
Distance: 230.52 Time: 5113
Distance: 243.97 Time: 5143
Distance: 242.93 Time: 5174
Distance: 240.00 Time: 5203
Distance: 230.52 Time: 5234
Distance: 231.55 Time: 5264
Distance: 227.41 Time: 5294
Distance: 235.69 Time: 5324
Distance: 231.55 Time: 5354
Distance: 235.69 Time: 5385
Distance: 231.55 Time: 5414
Distance: 238.79 Time: 5445
Distance: 235.69 Time: 5475
Distance: 234.66 Time: 5506
Distance: 235.69 Time: 5535
Distance: 238.79 Time: 5566
Distance: 235.69 Time: 5596
Distance: 238.79 Time: 5626
Distance: 240.00 Time: 5656
Distance: 247.93 Time: 5687
Distance: 239.83 Time: 5716
Distance: 239.83 Time: 5746
Distance: 272.76 Time: 5777
Distance: 261.03 Time: 5807
Distance: 234.66 Time: 5837
Distance: 214.48 Time: 5867
Distance: 215.17 Time: 5897
Distance: 214.66 Time: 5927
Distance: 198.62 Time: 5957
Distance: 193.28 Time: 5988
Distance: 173.45 Time: 6018
Distance: 189.31 Time: 6048
Distance: 182.07 Time: 6078
Distance: 198.10 Time: 6109
Distance: 195.00 Time: 6138
Distance: 199.66 Time: 6168
Distance: 217.24 Time: 6199
Distance: 208.97 Time: 6228
Distance: 209.31 Time: 6259
Distance: 231.03 Time: 6289
Distance: 218.62 Time: 6320
Distance: 210.34 Time: 6349
Distance: 206.03 Time: 6380
Distance: 201.72 Time: 6410
Distance: 169.31 Time: 6439
Distance: 154.14 Time: 6470
Distance: 141.38 Time: 6500
Distance: 141.21 Time: 6531
Distance: 141.21 Time: 6560
Distance: 138.10 Time: 6590
Distance: 141.21 Time: 6621
Distance: 142.24 Time: 6650
Distance: 141.38 Time: 6681
Distance: 154.14 Time: 6711
Distance: 211.03 Time: 6742
Distance: 197.07 Time: 6772
Distance: 202.76 Time: 6802
Distance: 202.24 Time: 6832
Distance: 173.79 Time: 6862
Distance: 183.62 Time: 6892
Distance: 165.69 Time: 6923
Distance: 182.07 Time: 6952
Distance: 182.59 Time: 6983
Distance: 212.59 Time: 7013
Distance: 185.69 Time: 7044
Distance: 178.10 Time: 7073
Distance: 182.24 Time: 7103
Distance: 186.21 Time: 7134
Distance: 186.21 Time: 7163
Distance: 129.83 Time: 7193
Distance: 154.14 Time: 7224
Distance: 146.90 Time: 7254
Distance: 128.79 Time: 7284
Distance: 130.00 Time: 7314
Distance: 128.79 Time: 7345
Distance: 150.00 Time: 7374
Distance: 200.69 Time: 7405
Distance: 247.07 Time: 7436
Distance: 218.28 Time: 7465
Distance: 225.86 Time: 7496
Distance: 248.10 Time: 7526
Distance: 238.79 Time: 7557
Distance: 244.14 Time: 7586
Distance: 255.86 Time: 7617
Distance: 210.34 Time: 7647
Distance: 215.17 Time: 7676
Distance: 192.93 Time: 7707
Distance: 367.76 Time: 7738
Distance: 177.41 Time: 7767
Distance: 181.72 Time: 7797
Distance: 208.28 Time: 7827
Distance: 186.21 Time: 7858
Distance: 199.66 Time: 7887
Distance: 195.52 Time: 7918
Distance: 203.97 Time: 7948
Distance: 199.14 Time: 7979
Distance: 204.31 Time: 8008
Distance: 221.21 Time: 8039
Distance: 222.93 Time: 8069
Distance: 230.00 Time: 8099
Distance: 209.83 Time: 8129
Distance: 204.66 Time: 8159
Distance: 174.83 Time: 8189
Distance: 361.21 Time: 8220
Distance: 161.90 Time: 8250
Distance: 191.38 Time: 8280
Distance: 138.10 Time: 8309
Distance: 133.45 Time: 8340
Distance: 133.62 Time: 8370
Distance: 124.66 Time: 8400
Distance: 128.79 Time: 8430
Distance: 137.76 Time: 8461
Distance: 137.59 Time: 8491
Distance: 142.93 Time: 8520
Distance: 186.72 Time: 8551
Distance: 182.07 Time: 8582
Distance: 203.28 Time: 8611
Distance: 180.52 Time: 8642
Distance: 181.55 Time: 8672
Distance: 200.17 Time: 8702
Distance: 206.38 Time: 8732
Distance: 213.10 Time: 8763
Distance: 209.48 Time: 8793
Distance: 187.76 Time: 8822
Distance: 183.10 Time: 8853
Distance: 170.34 Time: 8883
Distance: 174.48 Time: 8913
Distance: 166.03 Time: 8943
Distance: 181.55 Time: 8974
Distance: 150.52 Time: 9004
Distance: 129.31 Time: 9033
Distance: 124.66 Time: 9064
Distance: 120.69 Time: 9094
Distance: 125.86 Time: 9123
Distance: 124.83 Time: 9154
Distance: 125.86 Time: 9184
Distance: 124.66 Time: 9214
Distance: 142.93 Time: 9244
Distance: 202.41 Time: 9275
Distance: 201.72 Time: 9306
Distance: 202.76 Time: 9335
Distance: 198.62 Time: 9366
Distance: 194.48 Time: 9396
Distance: 199.14 Time: 9425
Distance: 195.52 Time: 9456
Distance: 225.34 Time: 9486
Distance: 173.97 Time: 9517
Distance: 170.34 Time: 9546
Distance: 186.72 Time: 9577
Distance: 187.41 Time: 9607
Distance: 199.14 Time: 9637
Distance: 200.69 Time: 9667
Distance: 204.31 Time: 9698
Distance: 209.83 Time: 9728
Distance: 154.14 Time: 9757
Distance: 154.14 Time: 9788
Distance: 128.79 Time: 9818
Distance: 125.34 Time: 9847
Distance: 120.00 Time: 9878
Distance: 121.03 Time: 9908
Distance: 124.14 Time: 9938
Distance: 120.17 Time: 9968
Distance: 120.17 Time: 9999
Distance: 124.31 Time: 10029
Distance: 124.83 Time: 10060
Distance: 124.14 Time: 10091
Distance: 125.17 Time: 10122
Distance: 124.14 Time: 10153
Distance: 125.34 Time: 10184
Distance: 128.45 Time: 10216
Distance: 129.48 Time: 10247
Distance: 132.41 Time: 10278
Distance: 146.38 Time: 10309
Distance: 141.21 Time: 10341
Distance: 141.21 Time: 10372
Distance: 132.41 Time: 10403
Distance: 137.07 Time: 10434
Distance: 128.45 Time: 10466
Distance: 137.07 Time: 10497
Distance: 137.24 Time: 10528
Distance: 137.07 Time: 10559
Distance: 129.83 Time: 10590
Distance: 128.79 Time: 10621
Distance: 130.00 Time: 10652
Distance: 124.83 Time: 10684
Distance: 125.86 Time: 10715
Distance: 120.69 Time: 10746
Distance: 138.79 Time: 10777
Distance: 120.69 Time: 10809
Distance: 121.72 Time: 10840
Distance: 120.69 Time: 10871
Distance: 133.62 Time: 10902
Distance: 133.45 Time: 10934
Distance: 154.66 Time: 10964
Distance: 194.66 Time: 10996
Distance: 198.62 Time: 11027
Distance: 202.76 Time: 11059
Distance: 202.93 Time: 11089
Distance: 207.41 Time: 11121
Distance: 195.17 Time: 11152
Distance: 203.97 Time: 11184
Distance: 190.86 Time: 11214
Distance: 220.86 Time: 11246
Distance: 179.14 Time: 11277
Distance: 178.97 Time: 11309
Distance: 251.72 Time: 11339
Distance: 195.52 Time: 11371
Distance: 205.34 Time: 11402
Distance: 196.03 Time: 11433
Distance: 201.90 Time: 11464
Distance: 201.21 Time: 11496
Distance: 202.76 Time: 11527
Distance: 207.41 Time: 11557
Distance: 203.10 Time: 11589
Distance: 195.00 Time: 11620
Distance: 199.66 Time: 11652
Distance: 186.72 Time: 11682
Distance: 188.28 Time: 11714
Distance: 184.14 Time: 11745
Distance: 183.10 Time: 11777
Distance: 187.76 Time: 11807
Distance: 191.90 Time: 11839
Distance: 191.90 Time: 11870
Distance: 186.72 Time: 11901
Distance: 196.03 Time: 11932
Distance: 195.00 Time: 11964
Distance: 196.03 Time: 11995
Distance: 195.52 Time: 12025
Distance: 199.66 Time: 12057
Distance: 199.48 Time: 12088
Distance: 208.45 Time: 12120
Distance: 185.86 Time: 12150
Distance: 178.10 Time: 12182
Distance: 184.83 Time: 12213
Distance: 198.62 Time: 12244
Distance: 206.21 Time: 12275
Distance: 197.59 Time: 12307
Distance: 188.79 Time: 12338
Distance: 187.41 Time: 12369
Distance: 188.28 Time: 12400
Distance: 195.00 Time: 12432
Distance: 200.69 Time: 12463
Distance: 196.03 Time: 12493
Distance: 204.31 Time: 12525
Distance: 199.14 Time: 12556
Distance: 171.90 Time: 12588
Distance: 177.07 Time: 12618
Distance: 284.31 Time: 12650
Distance: 194.48 Time: 12681
Distance: 211.55 Time: 12712
Distance: 199.14 Time: 12743
Distance: 203.28 Time: 12775
Distance: 207.93 Time: 12806
Distance: 207.93 Time: 12837
Distance: 212.07 Time: 12868
Distance: 202.76 Time: 12900
Distance: 208.28 Time: 12931
Distance: 203.28 Time: 12962
Distance: 217.76 Time: 12993
Distance: 187.24 Time: 13024
Distance: 180.00 Time: 13056
Distance: 209.31 Time: 13086
Distance: 188.97 Time: 13118
Distance: 201.72 Time: 13149
Distance: 189.31 Time: 13180
Distance: 193.97 Time: 13211
Distance: 198.10 Time: 13243
Distance: 198.62 Time: 13274
Distance: 203.28 Time: 13305
Distance: 207.93 Time: 13336
Distance: 202.76 Time: 13368
Distance: 200.17 Time: 13399
Distance: 198.97 Time: 13430
Distance: 188.45 Time: 13461
Distance: 189.31 Time: 13492
Distance: 183.62 Time: 13523
Distance: 201.21 Time: 13554
Distance: 196.55 Time: 13586
Distance: 196.55 Time: 13617
Distance: 192.41 Time: 13648
Distance: 196.55 Time: 13679
Distance: 200.69 Time: 13711
Distance: 200.86 Time: 13742
Distance: 204.83 Time: 13773
Distance: 200.17 Time: 13804
Distance: 212.93 Time: 13836
Distance: 204.14 Time: 13867
Distance: 184.83 Time: 13898
Distance: 178.62 Time: 13929
Distance: 176.90 Time: 13960
Distance: 211.55 Time: 13991
Distance: 189.48 Time: 14022
Distance: 193.45 Time: 14054
Distance: 188.79 Time: 14085
Distance: 188.79 Time: 14116
Distance: 188.79 Time: 14147
Distance: 192.41 Time: 14179
Distance: 196.55 Time: 14210
Distance: 208.79 Time: 14241
Distance: 200.17 Time: 14272
Distance: 208.45 Time: 14304
Distance: 201.72 Time: 14334
Distance: 172.93 Time: 14365
Distance: 172.24 Time: 14397
Distance: 198.62 Time: 14429
Distance: 216.03 Time: 14459
Distance: 198.45 Time: 14491
Distance: 207.76 Time: 14522
Distance: 211.03 Time: 14554
Distance: 216.72 Time: 14584
Distance: 216.72 Time: 14615
Distance: 212.59 Time: 14647
Distance: 217.07 Time: 14678
Distance: 212.93 Time: 14709
Distance: 196.03 Time: 14740
Distance: 195.52 Time: 14772
Distance: 179.66 Time: 14802
Distance: 183.10 Time: 14834
Distance: 196.55 Time: 14865
Distance: 190.86 Time: 14897
Distance: 201.03 Time: 14927
Distance: 200.17 Time: 14959
Distance: 205.86 Time: 14990
Distance: 205.34 Time: 15022
Distance: 206.21 Time: 15052
Distance: 202.76 Time: 15083
Distance: 141.72 Time: 15115
Distance: 124.83 Time: 15145
Distance: 130.00 Time: 15176
Distance: 128.97 Time: 15208
Distance: 130.00 Time: 15239
Distance: 124.83 Time: 15270
Distance: 125.86 Time: 15301
Distance: 124.83 Time: 15333
Distance: 124.66 Time: 15364
Distance: 124.83 Time: 15395þRESET
Distance: 201.21 Time: 3
Distance: 199.83 Time: 7
Distance: 204.14 Time: 11
Distance: 205.17 Time: 24
Distance: 199.66 Time: 53
Distance: 204.83 Time: 80
Distance: 208.97 Time: 108
Distance: 208.97 Time: 138
Distance: 186.21 Time: 166
Distance: 182.76 Time: 196
Distance: 177.07 Time: 225
Distance: 215.17 Time: 254
Distance: 189.48 Time: 283
Distance: 193.97 Time: 312
Distance: 189.31 Time: 342
Distance: 189.48 Time: 370
Distance: 188.79 Time: 400
Distance: 188.79 Time: 429
Distance: 192.93 Time: 458
Distance: 201.21 Time: 487
Distance: 204.31 Time: 517
Distance: 204.83 Time: 545
Distance: 204.14 Time: 574
Distance: 172.41 Time: 604
Distance: 173.45 Time: 632
Distance: 168.28 Time: 662
Distance: 200.17 Time: 691
Distance: 211.03 Time: 720
Distance: 203.79 Time: 749
Distance: 202.76 Time: 779
Distance: 212.59 Time: 807
Distance: 224.31 Time: 837
Distance: 225.52 Time: 866
Distance: 238.28 Time: 894
Distance: 213.10 Time: 924
Distance: 213.10 Time: 953
Distance: 216.55 Time: 983
Distance: 201.21 Time: 1011
Distance: 192.07 Time: 1041
Distance: 176.38 Time: 1072
Distance: 192.41 Time: 1101
Distance: 185.17 Time: 1132
Distance: 193.62 Time: 1162
Distance: 190.00 Time: 1192
Distance: 190.00 Time: 1222
Distance: 193.45 Time: 1253
Distance: 198.62 Time: 1283
Distance: 202.24 Time: 1313
Distance: 212.59 Time: 1343
Distance: 212.41 Time: 1374
Distance: 208.97 Time: 1403
Distance: 209.48 Time: 1433
Distance: 196.03 Time: 1464
Distance: 181.03 Time: 1494
Distance: 176.55 Time: 1524
Distance: 196.55 Time: 1554
Distance: 191.90 Time: 1585
Distance: 201.21 Time: 1614
Distance: 197.07 Time: 1644
Distance: 197.07 Time: 1675
Distance: 201.21 Time: 1704
Distance: 205.34 Time: 1735
Distance: 205.34 Time: 1765
Distance: 205.34 Time: 1796
Distance: 201.21 Time: 1825
Distance: 213.62 Time: 1856
Distance: 204.31 Time: 1886
Distance: 185.00 Time: 1916
Distance: 182.76 Time: 1946
Distance: 177.59 Time: 1976
Distance: 241.55 Time: 2007
Distance: 190.00 Time: 2036
Distance: 198.10 Time: 2067
Distance: 193.97 Time: 2097
Distance: 185.17 Time: 2127
Distance: 188.97 Time: 2157
Distance: 188.79 Time: 2188
Distance: 193.10 Time: 2217
Distance: 204.31 Time: 2248
Distance: 200.52 Time: 2278
Distance: 208.45 Time: 2309
Distance: 200.17 Time: 2338
Distance: 164.14 Time: 2368
Distance: 168.62 Time: 2399
Distance: 222.24 Time: 2428
Distance: 195.00 Time: 2459
Distance: 212.41 Time: 2489
Distance: 198.97 Time: 2520
Distance: 203.79 Time: 2549
Distance: 220.34 Time: 2580
Distance: 221.21 Time: 2610
Distance: 216.03 Time: 2640
Distance: 225.86 Time: 2670
Distance: 217.59 Time: 2700
Distance: 226.38 Time: 2731
Distance: 196.90 Time: 2760
Distance: 222.24 Time: 2791
Distance: 180.52 Time: 2821
Distance: 183.10 Time: 2851
Distance: 198.10 Time: 2881
Distance: 197.07 Time: 2912
Distance: 189.83 Time: 2941
Distance: 189.83 Time: 2971
Distance: 194.48 Time: 3002
Distance: 199.14 Time: 3032
Distance: 199.14 Time: 3062
Distance: 216.72 Time: 3092
Distance: 212.59 Time: 3123
Distance: 208.97 Time: 3152
Distance: 204.31 Time: 3183
Distance: 200.69 Time: 3213
Distance: 176.38 Time: 3243
Distance: 172.76 Time: 3273
Distance: 188.28 Time: 3303
Distance: 193.45 Time: 3334
Distance: 197.07 Time: 3363
Distance: 189.31 Time: 3394
Distance: 192.93 Time: 3424
Distance: 197.59 Time: 3454
Distance: 201.55 Time: 3484
Distance: 204.31 Time: 3515
Distance: 205.17 Time: 3545
Distance: 200.17 Time: 3575
Distance: 205.34 Time: 3605
Distance: 200.69 Time: 3635
Distance: 242.93 Time: 3665
Distance: 182.76 Time: 3695
Distance: 173.45 Time: 3726
Distance: 181.21 Time: 3756
Distance: 185.69 Time: 3786
Distance: 193.97 Time: 3816
Distance: 188.79 Time: 3847
Distance: 185.17 Time: 3876
Distance: 185.17 Time: 3906
Distance: 189.31 Time: 3937
Distance: 189.14 Time: 3966
Distance: 197.59 Time: 3997
Distance: 205.34 Time: 4027
Distance: 205.34 Time: 4058
Distance: 204.31 Time: 4087
Distance: 169.31 Time: 4117
Distance: 169.14 Time: 4148
Distance: 172.76 Time: 4177
Distance: 199.66 Time: 4208
Distance: 215.69 Time: 4239
Distance: 208.45 Time: 4269
Distance: 208.45 Time: 4298
Distance: 221.21 Time: 4329
Distance: 221.38 Time: 4359
Distance: 234.14 Time: 4389
Distance: 247.07 Time: 4419
Distance: 217.24 Time: 4450
Distance: 217.93 Time: 4480
Distance: 200.17 Time: 4510
Distance: 366.72 Time: 4541
Distance: 184.66 Time: 4570
Distance: 180.52 Time: 4600
Distance: 226.90 Time: 4631
Distance: 189.31 Time: 4661
Distance: 198.45 Time: 4690
Distance: 185.86 Time: 4721
Distance: 194.66 Time: 4751
Distance: 202.24 Time: 4782
Distance: 199.14 Time: 4811
Distance: 206.90 Time: 4842
Distance: 221.38 Time: 4872
Distance: 216.21 Time: 4902
Distance: 205.34 Time: 4932
Distance: 213.62 Time: 4962
Distance: 184.83 Time: 4993
Distance: 177.07 Time: 5022
Distance: 180.52 Time: 5053
Distance: 205.86 Time: 5083
Distance: 192.07 Time: 5113
Distance: 193.45 Time: 5143
Distance: 192.93 Time: 5173
Distance: 201.72 Time: 5203
Distance: 206.03 Time: 5233
Distance: 206.03 Time: 5264
Distance: 209.48 Time: 5294
Distance: 201.21 Time: 5324
Distance: 205.34 Time: 5354
Distance: 217.59 Time: 5385
Distance: 230.52 Time: 5414
Distance: 181.90 Time: 5445
Distance: 178.45 Time: 5475
Distance: 172.93 Time: 5505
Distance: 194.48 Time: 5535
Distance: 194.14 Time: 5565
Distance: 189.83 Time: 5596
Distance: 177.07 Time: 5625
Distance: 185.34 Time: 5656
Distance: 189.48 Time: 5686
Distance: 189.31 Time: 5716
Distance: 193.45 Time: 5746
Distance: 208.79 Time: 5777
Distance: 201.03 Time: 5807
Distance: 203.10 Time: 5837
Distance: 185.17 Time: 5867
Distance: 164.66 Time: 5897
Distance: 164.48 Time: 5927
Distance: 208.97 Time: 5957
Distance: 212.07 Time: 5988
Distance: 208.45 Time: 6018
Distance: 208.45 Time: 6048
Distance: 225.52 Time: 6078
Distance: 245.86 Time: 6109
Distance: 251.21 Time: 6138
Distance: 262.76 Time: 6169
Distance: 226.03 Time: 6199
Distance: 221.21 Time: 6230
Distance: 209.48 Time: 6259
Distance: 247.07 Time: 6290
Distance: 188.28 Time: 6320
Distance: 180.69 Time: 6349
Distance: 378.79 Time: 6381
Distance: 185.17 Time: 6410
Distance: 192.93 Time: 6440
Distance: 185.86 Time: 6470
Distance: 194.48 Time: 6500
Distance: 190.34 Time: 6531
Distance: 199.14 Time: 6560
Distance: 207.93 Time: 6591
Distance: 225.52 Time: 6621
Distance: 225.52 Time: 6651
Distance: 213.62 Time: 6681
Distance: 217.07 Time: 6712
Distance: 192.93 Time: 6742
Distance: 176.90 Time: 6771
Distance: 176.55 Time: 6802
Distance: 209.83 Time: 6833
Distance: 189.31 Time: 6862
Distance: 201.72 Time: 6892
Distance: 189.31 Time: 6923
Distance: 201.38 Time: 6952
Distance: 201.72 Time: 6983
Distance: 201.72 Time: 7013
Distance: 204.66 Time: 7044
Distance: 205.17 Time: 7073
Distance: 204.31 Time: 7104
Distance: 217.76 Time: 7134
Distance: 209.48 Time: 7163
Distance: 173.45 Time: 7194
Distance: 183.10 Time: 7224
Distance: 168.79 Time: 7255
Distance: 212.07 Time: 7284
Distance: 185.86 Time: 7315
Distance: 189.83 Time: 7345
Distance: 184.66 Time: 7375
Distance: 181.03 Time: 7405
Distance: 189.14 Time: 7435
Distance: 189.31 Time: 7465
Distance: 193.45 Time: 7495
Distance: 209.83 Time: 7526
Distance: 201.03 Time: 7556
Distance: 221.72 Time: 7586
Distance: 197.07 Time: 7616
Distance: 161.55 Time: 7646
Distance: 160.52 Time: 7676
Distance: 204.14 Time: 7707
Distance: 203.79 Time: 7737
Distance: 216.03 Time: 7768
Distance: 208.28 Time: 7797
Distance: 220.17 Time: 7828
Distance: 246.90 Time: 7858
Distance: 245.86 Time: 7888
Distance: 247.07 Time: 7918
Distance: 225.86 Time: 7948
Distance: 226.38 Time: 7979
Distance: 230.69 Time: 8008
Distance: 200.69 Time: 8039
Distance: 196.55 Time: 8069
Distance: 176.90 Time: 8098
Distance: 192.93 Time: 8129
Distance: 185.69 Time: 8159
Distance: 189.83 Time: 8189
Distance: 185.69 Time: 8219
Distance: 189.83 Time: 8250
Distance: 194.66 Time: 8280
Distance: 189.48 Time: 8310
Distance: 199.14 Time: 8340
Distance: 220.34 Time: 8371
Distance: 217.24 Time: 8400
Distance: 211.90 Time: 8431
Distance: 213.97 Time: 8461
Distance: 196.55 Time: 8491
Distance: 172.93 Time: 8521
Distance: 168.79 Time: 8551
Distance: 197.07 Time: 8582
Distance: 189.31 Time: 8611
Distance: 200.69 Time: 8642
Distance: 189.31 Time: 8672
Distance: 196.38 Time: 8702
Distance: 201.72 Time: 8732
Distance: 201.55 Time: 8762
Distance: 205.86 Time: 8793
Distance: 209.48 Time: 8822
Distance: 205.34 Time: 8853
Distance: 218.28 Time: 8883
Distance: 204.66 Time: 8913
Distance: 177.41 Time: 8943
Distance: 181.72 Time: 8974
Distance: 168.79 Time: 9004
Distance: 274.83 Time: 9034
Distance: 181.55 Time: 9064
Distance: 189.83 Time: 9094
Distance: 185.69 Time: 9124
Distance: 181.21 Time: 9154
Distance: 189.48 Time: 9185
Distance: 189.31 Time: 9214
Distance: 197.59 Time: 9245
Distance: 205.86 Time: 9275
Distance: 204.31 Time: 9306
Distance: 213.62 Time: 9335
Distance: 199.66 Time: 9366
Distance: 168.79 Time: 9396
Distance: 160.52 Time: 9425
Distance: 205.86 Time: 9456
Distance: 186.21 Time: 9486
Distance: 225.52 Time: 9517
Distance: 203.97 Time: 9546
Distance: 212.41 Time: 9577
Distance: 225.52 Time: 9607
Distance: 233.10 Time: 9637
Distance: 230.00 Time: 9667
Distance: 246.03 Time: 9698
Distance: 230.34 Time: 9728
Distance: 229.66 Time: 9758
Distance: 201.21 Time: 9788
Distance: 246.55 Time: 9819
Distance: 180.52 Time: 9848
Distance: 188.28 Time: 9878
Distance: 189.83 Time: 9909
Distance: 193.97 Time: 9938
Distance: 193.45 Time: 9969
Distance: 189.83 Time: 9999
Distance: 194.48 Time: 10029
Distance: 190.34 Time: 10060
Distance: 199.14 Time: 10091
Distance: 225.34 Time: 10123
Distance: 221.21 Time: 10153
Distance: 213.10 Time: 10185
Distance: 218.10 Time: 10216
Distance: 196.55 Time: 10248
Distance: 172.76 Time: 10278
Distance: 172.93 Time: 10310
Distance: 201.21 Time: 10341
Distance: 188.28 Time: 10373
Distance: 201.72 Time: 10403
Distance: 192.41 Time: 10435
Distance: 197.59 Time: 10466
Distance: 200.69 Time: 10498
Distance: 205.69 Time: 10528
Distance: 205.86 Time: 10559
Distance: 205.34 Time: 10591
Distance: 209.48 Time: 10621
Distance: 221.90 Time: 10653
Distance: 221.90 Time: 10684
Distance: 173.45 Time: 10716
Distance: 173.97 Time: 10746
Distance: 172.93 Time: 10778
Distance: 190.34 Time: 10809
Distance: 194.14 Time: 10841
Distance: 185.69 Time: 10871
Distance: 184.31 Time: 10903
Distance: 185.34 Time: 10934
Distance: 189.48 Time: 10964
Distance: 193.45 Time: 10996
Distance: 201.55 Time: 11027
Distance: 205.34 Time: 11059
Distance: 209.66 Time: 11089
Distance: 204.83 Time: 11121
Distance: 168.62 Time: 11152
Distance: 160.52 Time: 11184
Distance: 222.41 Time: 11214
Distance: 186.38 Time: 11246
Distance: 221.21 Time: 11277
Distance: 203.79 Time: 11309
Distance: 212.76 Time: 11339
Distance: 237.24 Time: 11371
Distance: 251.21 Time: 11402
Distance: 254.14 Time: 11433
Distance: 238.97 Time: 11464
Distance: 229.66 Time: 11496
Distance: 230.69 Time: 11527
Distance: 217.59 Time: 11558
Distance: 188.45 Time: 11589
Distance: 180.52 Time: 11620
Distance: 379.66 Time: 11653
Distance: 185.17 Time: 11682
Distance: 198.10 Time: 11714
Distance: 185.86 Time: 11745
Distance: 194.48 Time: 11777
Distance: 199.14 Time: 11807
Distance: 199.31 Time: 11839
Distance: 212.41 Time: 11870
Distance: 220.34 Time: 11901
Distance: 230.17 Time: 11932
Distance: 208.28 Time: 11964
Distance: 209.31 Time: 11995
Distance: 184.66 Time: 12025
Distance: 168.62 Time: 12057
Distance: 188.62 Time: 12088
Distance: 189.48 Time: 12120
Distance: 197.59 Time: 12150
Distance: 189.48 Time: 12182
Distance: 193.45 Time: 12213
Distance: 201.72 Time: 12244
Distance: 201.72 Time: 12275
Distance: 205.86 Time: 12307
Distance: 210.00 Time: 12338
Distance: 200.17 Time: 12369
Distance: 218.10 Time: 12400
Distance: 208.28 Time: 12432
Distance: 173.45 Time: 12463
Distance: 182.59 Time: 12493
Distance: 168.79 Time: 12525
Distance: 199.14 Time: 12556
Distance: 185.69 Time: 12588
Distance: 185.69 Time: 12618
Distance: 172.76 Time: 12650
Distance: 185.17 Time: 12681
Distance: 189.31 Time: 12712
Distance: 189.31 Time: 12743
Distance: 193.45 Time: 12775
Distance: 156.38 Time: 12806
Distance: 205.34 Time: 12837
Distance: 156.38 Time: 12868
Distance: 168.79 Time: 12899
Distance: 160.52 Time: 12931
Distance: 164.48 Time: 12961
Distance: 199.83 Time: 12993
Distance: 228.45 Time: 13025
Distance: 208.45 Time: 13056
Distance: 212.59 Time: 13086
Distance: 234.14 Time: 13118
Distance: 228.97 Time: 13150
Distance: 230.17 Time: 13180
Distance: 237.59 Time: 13212
Distance: 221.90 Time: 13243
Distance: 226.55 Time: 13274
Distance: 201.72 Time: 13305
Distance: 209.14 Time: 13336
Distance: 179.48 Time: 13368
Distance: 192.93 Time: 13399
Distance: 181.55 Time: 13429
Distance: 194.14 Time: 13461
Distance: 185.86 Time: 13492
Distance: 194.48 Time: 13523
Distance: 194.66 Time: 13554
Distance: 199.14 Time: 13586
Distance: 203.79 Time: 13617
Distance: 225.52 Time: 13648
Distance: 237.24 Time: 13680
Distance: 213.62 Time: 13711
Distance: 226.55 Time: 13742
Distance: 188.79 Time: 13773
Distance: 172.76 Time: 13804
Distance: 180.52 Time: 13836
Distance: 205.86 Time: 13867
Distance: 192.41 Time: 13898
Distance: 193.45 Time: 13929
Distance: 193.28 Time: 13961
Distance: 201.72 Time: 13991
Distance: 201.90 Time: 14022
Distance: 201.72 Time: 14054
Distance: 206.03 Time: 14085
Distance: 205.69 Time: 14116
Distance: 209.83 Time: 14147
Distance: 208.97 Time: 14179
Distance: 181.55 Time: 14210
Distance: 182.76 Time: 14241
Distance: 169.31 Time: 14272
Distance: 357.93 Time: 14305
Distance: 177.41 Time: 14334
Distance: 188.79 Time: 14366
Distance: 181.55 Time: 14397
Distance: 181.03 Time: 14428
Distance: 189.31 Time: 14459
Distance: 189.48 Time: 14490
Distance: 193.62 Time: 14522
Distance: 209.48 Time: 14554
Distance: 205.34 Time: 14584
Distance: 156.38 Time: 14615
Distance: 197.07 Time: 14647
Distance: 160.52 Time: 14678
Distance: 156.38 Time: 14709
Distance: 209.31 Time: 14740
Distance: 242.24 Time: 14772
Distance: 217.24 Time: 14802
Distance: 217.07 Time: 14834
Distance: 238.28 Time: 14865
Distance: 250.17 Time: 14897
Distance: 263.97 Time: 14927
Distance: 263.10 Time: 14959
Distance: 222.24 Time: 14990
Distance: 230.00 Time: 15022
Distance: 209.83 Time: 15052
Distance: 371.38 Time: 15084
Distance: 184.66 Time: 15115
Distance: 184.66 Time: 15145
Distance: 198.62 Time: 15177
Distance: 189.83 Time: 15208
Distance: 194.48 Time: 15240
Distance: 194.48 Time: 15270
Distance: 194.66 Time: 15302
Distance: 199.14 Time: 15333
Distance: 193.97 Time: 15365
Distance: 221.21 Time: 15395
Distance: 228.97 Time: 15427
Distance: 217.59 Time: 15458
Distance: 212.93 Time: 15490
Distance: 196.55 Time: 15520
Distance: 172.76 Time: 15551
Distance: 168.79 Time: 15583
Distance: 205.34 Time: 15613
Distance: 189.48 Time: 15645
Distance: 201.72 Time: 15676
Distance: 189.48 Time: 15708
Distance: 197.59 Time: 15738
Distance: 201.72 Time: 15770
Distance: 201.72 Time: 15801
Distance: 209.83 Time: 15833
Distance: 210.00 Time: 15863
Distance: 204.83 Time: 15895
Distance: 222.24 Time: 15926
Distance: 221.21 Time: 15958
Distance: 178.10 Time: 15988
Distance: 173.97 Time: 16019
Distance: 172.93 Time: 16051
Distance: 186.38 Time: 16081
Distance: 198.62 Time: 16113
Distance: 194.31 Time: 16144
Distance: 181.55 Time: 16176
Distance: 185.17 Time: 16206
Distance: 189.31 Time: 16238
Distance: 189.31 Time: 16269
Distance: 154.66 Time: 16300
Distance: 210.00 Time: 16331
Distance: 156.38 Time: 16362
Distance: 156.90 Time: 16394
Distance: 156.38 Time: 16424
Distance: 157.07 Time: 16456
Distance: 197.59 Time: 16487
Distance: 173.45 Time: 16519
Distance: 216.21 Time: 16550
Distance: 208.45 Time: 16581
Distance: 228.97 Time: 16613
Distance: 238.62 Time: 16644
Distance: 254.66 Time: 16675
Distance: 251.55 Time: 16706
Distance: 250.69 Time: 16738
Distance: 218.28 Time: 16769
Distance: 222.24 Time: 16799
Distance: 214.66 Time: 16831
Distance: 192.41 Time: 16862
Distance: 176.90 Time: 16892
Distance: 371.55 Time: 16925
Distance: 181.72 Time: 16955
Distance: 194.48 Time: 16987
Distance: 186.21 Time: 17017
Distance: 199.14 Time: 17049
Distance: 195.00 Time: 17080
Distance: 203.79 Time: 17112
Distance: 212.59 Time: 17142
Distance: 221.72 Time: 17174
Distance: 221.72 Time: 17205
Distance: 205.86 Time: 17236
Distance: 209.48 Time: 17267
Distance: 172.76 Time: 17299
Distance: 168.79 Time: 17330
Distance: 187.76 Time: 17361
Distance: 198.10 Time: 17392
Distance: 200.52 Time: 17424
Distance: 185.69 Time: 17455
Distance: 193.62 Time: 17485
Distance: 198.10 Time: 17517
Distance: 202.24 Time: 17548
Distance: 202.07 Time: 17580
Distance: 205.86 Time: 17610
Distance: 201.72 Time: 17642
Distance: 214.14 Time: 17673
Distance: 205.34 Time: 17704
Distance: 169.14 Time: 17735
Distance: 183.10 Time: 17767
Distance: 169.14 Time: 17798
Distance: 203.79 Time: 17829
Distance: 185.69 Time: 17860
Distance: 189.31 Time: 17892
Distance: 177.59 Time: 17923
Distance: 185.69 Time: 17953
Distance: 189.83 Time: 17985
Distance: 189.31 Time: 18016
Distance: 156.55 Time: 18048
Distance: 156.38 Time: 18078
Distance: 201.72 Time: 18110
Distance: 153.62 Time: 18141
Distance: 153.62 Time: 18172
Distance: 156.38 Time: 18203
Distance: 157.07 Time: 18235
Distance: 200.17 Time: 18266
Distance: 238.28 Time: 18297
Distance: 212.93 Time: 18328
Distance: 216.03 Time: 18360
Dis