Distance: 226.03 Time: 3
Distance: 330.17 Time: 8
Distance: 333.10 Time: 12
Distance: 345.34 Time: 25
Distance: 216.21 Time: 53
Distance: 361.72 Time: 81
Distance: 182.76 Time: 108
Distance: 172.41 Time: 138
Distance: 169.83 Time: 166
Distance: 169.48 Time: 196
Distance: 172.41 Time: 225
Distance: 356.55 Time: 256
Distance: 189.83 Time: 283
Distance: 201.38 Time: 313
Distance: 219.83 Time: 342
Distance: 198.79 Time: 370
Distance: 211.55 Time: 400
Distance: 215.69 Time: 429
Distance: 190.00 Time: 458
Distance: 165.17 Time: 487
Distance: 201.72 Time: 517
Distance: 161.03 Time: 545
Distance: 176.90 Time: 574
Distance: 156.90 Time: 604
Distance: 165.17 Time: 632
Distance: 180.69 Time: 662
Distance: 169.31 Time: 691
Distance: 184.83 Time: 720
Distance: 241.90 Time: 749
Distance: 194.48 Time: 778
Distance: 185.86 Time: 807
Distance: 194.14 Time: 836
Distance: 206.90 Time: 866
Distance: 198.62 Time: 894
Distance: 232.76 Time: 924
Distance: 201.72 Time: 953
Distance: 186.21 Time: 982
Distance: 183.79 Time: 1011
Distance: 164.83 Time: 1041
Distance: 164.83 Time: 1072
Distance: 179.14 Time: 1101
Distance: 181.72 Time: 1132
Distance: 186.90 Time: 1162
Distance: 235.34 Time: 1192
Distance: 209.14 Time: 1222
Distance: 190.00 Time: 1253
Distance: 186.38 Time: 1283
Distance: 186.38 Time: 1312
Distance: 186.38 Time: 1343
Distance: 215.86 Time: 1374
Distance: 185.86 Time: 1403
Distance: 169.83 Time: 1433
Distance: 172.41 Time: 1464
Distance: 160.52 Time: 1494
Distance: 165.34 Time: 1523
Distance: 173.97 Time: 1554
Distance: 349.31 Time: 1585
Distance: 195.17 Time: 1614
Distance: 362.24 Time: 1645
Distance: 330.00 Time: 1676
Distance: 212.76 Time: 1704
Distance: 225.52 Time: 1735
Distance: 330.17 Time: 1766
Distance: 221.38 Time: 1796
Distance: 205.00 Time: 1825
Distance: 195.69 Time: 1856
Distance: 176.21 Time: 1886
Distance: 169.83 Time: 1915
Distance: 169.48 Time: 1946
Distance: 168.28 Time: 1976
Distance: 243.97 Time: 2007
Distance: 190.00 Time: 2036
Distance: 202.24 Time: 2067
Distance: 219.83 Time: 2097
Distance: 198.79 Time: 2127
Distance: 211.72 Time: 2157
Distance: 215.69 Time: 2188
Distance: 185.86 Time: 2217
Distance: 165.34 Time: 2247
Distance: 190.00 Time: 2278
Distance: 174.14 Time: 2308
Distance: 164.66 Time: 2338
Distance: 161.03 Time: 2368
Distance: 160.52 Time: 2399
Distance: 348.97 Time: 2429
Distance: 169.31 Time: 2459
Distance: 336.72 Time: 2490
Distance: 190.00 Time: 2520
Distance: 181.72 Time: 2549
Distance: 189.83 Time: 2580
Distance: 189.83 Time: 2610
Distance: 198.79 Time: 2639
Distance: 211.72 Time: 2670
Distance: 218.97 Time: 2700
Distance: 185.69 Time: 2731
Distance: 187.93 Time: 2760
Distance: 164.66 Time: 2791
Distance: 160.69 Time: 2821
Distance: 179.14 Time: 2851
Distance: 169.48 Time: 2881
Distance: 203.97 Time: 2912
Distance: 252.24 Time: 2941
Distance: 204.83 Time: 2971
Distance: 186.90 Time: 3002
Distance: 186.38 Time: 3032
Distance: 186.38 Time: 3062
Distance: 186.38 Time: 3092
Distance: 212.76 Time: 3123
Distance: 356.03 Time: 3153
Distance: 165.17 Time: 3182
Distance: 176.55 Time: 3213
Distance: 160.52 Time: 3243
Distance: 164.14 Time: 3273
Distance: 183.28 Time: 3303
Distance: 194.48 Time: 3334
Distance: 186.90 Time: 3363
Distance: 199.14 Time: 3394
Distance: 330.17 Time: 3425
Distance: 208.45 Time: 3454
Distance: 217.24 Time: 3484
Distance: 225.00 Time: 3515
Distance: 330.17 Time: 3546
Distance: 199.31 Time: 3575
Distance: 370.00 Time: 3606
Distance: 180.17 Time: 3635
Distance: 169.48 Time: 3665
Distance: 165.86 Time: 3695
Distance: 168.28 Time: 3726
Distance: 205.52 Time: 3756
Distance: 181.72 Time: 3786
Distance: 197.76 Time: 3816
Distance: 214.14 Time: 3847
Distance: 202.93 Time: 3876
Distance: 210.52 Time: 3907
Distance: 224.14 Time: 3937
Distance: 190.00 Time: 3966
Distance: 169.48 Time: 3997
Distance: 207.07 Time: 4027
Distance: 161.03 Time: 4058
Distance: 173.10 Time: 4087
Distance: 162.07 Time: 4117
Distance: 160.69 Time: 4148
Distance: 184.83 Time: 4177
Distance: 169.48 Time: 4208
Distance: 205.86 Time: 4239
Distance: 220.34 Time: 4269
Distance: 181.72 Time: 4298
Distance: 190.00 Time: 4329
Distance: 194.14 Time: 4359
Distance: 207.07 Time: 4389
Distance: 202.93 Time: 4419
Distance: 344.48 Time: 4450
Distance: 194.14 Time: 4480
Distance: 182.76 Time: 4509
Distance: 172.41 Time: 4540
Distance: 160.69 Time: 4570
Distance: 172.59 Time: 4600
Distance: 169.48 Time: 4630
Distance: 200.86 Time: 4661
Distance: 173.45 Time: 4690
Distance: 209.14 Time: 4721
Distance: 182.76 Time: 4751
Distance: 181.21 Time: 4782
Distance: 186.38 Time: 4811
Distance: 186.38 Time: 4841
Distance: 356.72 Time: 4873
Distance: 775.86 Time: 4905
Distance: 169.31 Time: 4932
Distance: 184.31 Time: 4962
Distance: 160.69 Time: 4993
Distance: 160.52 Time: 5022
Distance: 183.79 Time: 5053
Distance: 173.45 Time: 5083
Distance: 198.62 Time: 5113
Distance: 186.38 Time: 5143
Distance: 332.93 Time: 5174
Distance: 212.59 Time: 5203
Distance: 220.34 Time: 5234
Distance: 330.17 Time: 5265
Distance: 337.24 Time: 5295
Distance: 217.41 Time: 5324
Distance: 361.72 Time: 5355
Distance: 187.93 Time: 5385
Distance: 164.83 Time: 5414
Distance: 165.86 Time: 5444
Distance: 164.66 Time: 5475
Distance: 196.72 Time: 5505
Distance: 177.59 Time: 5535
Distance: 197.59 Time: 5565
Distance: 219.31 Time: 5596
Distance: 219.83 Time: 5625
Distance: 202.93 Time: 5656
Distance: 215.69 Time: 5686
Distance: 194.14 Time: 5716
Distance: 169.48 Time: 5746
Distance: 349.14 Time: 5777
Distance: 165.17 Time: 5807
Distance: 184.83 Time: 5836
Distance: 161.03 Time: 5867
Distance: 161.21 Time: 5897
Distance: 172.93 Time: 5927
Distance: 178.10 Time: 5957
Distance: 186.03 Time: 5988
Distance: 250.52 Time: 6019
Distance: 185.86 Time: 6048
Distance: 190.00 Time: 6078
Distance: 193.10 Time: 6109
Distance: 207.07 Time: 6138
Distance: 198.79 Time: 6168
Distance: 262.24 Time: 6199
Distance: 197.76 Time: 6228
Distance: 178.10 Time: 6259
Distance: 180.34 Time: 6289
Distance: 160.52 Time: 6320
Distance: 168.79 Time: 6349
Distance: 170.17 Time: 6379
Distance: 214.14 Time: 6410
Distance: 182.24 Time: 6439
Distance: 226.55 Time: 6470
Distance: 374.83 Time: 6501
Distance: 182.24 Time: 6531
Distance: 186.38 Time: 6560
Distance: 186.38 Time: 6591
Distance: 195.17 Time: 6621
Distance: 1244.83 Time: 6658
Distance: 169.31 Time: 6682
Distance: 212.76 Time: 6713
Distance: 160.69 Time: 6743
Distance: 160.52 Time: 6772
Distance: 180.17 Time: 6803
Distance: 169.31 Time: 6833
Distance: 216.72 Time: 6863
Distance: 182.24 Time: 6893
Distance: 341.38 Time: 6925
Distance: 238.10 Time: 6953
Distance: 337.07 Time: 6985
Distance: 330.17 Time: 7015
Distance: 357.07 Time: 7046
Distance: 212.59 Time: 7074
Distance: 357.76 Time: 7105
Distance: 183.28 Time: 7135
Distance: 168.79 Time: 7164
Distance: 169.83 Time: 7195
Distance: 164.83 Time: 7225
Distance: 188.97 Time: 7256
Distance: 361.72 Time: 7286
Distance: 193.62 Time: 7316
Distance: 219.31 Time: 7346
Distance: 222.93 Time: 7376
Distance: 198.97 Time: 7406
Distance: 206.03 Time: 7437
Distance: 207.07 Time: 7467
Distance: 169.48 Time: 7496
Distance: 212.24 Time: 7527
Distance: 169.31 Time: 7557
Distance: 188.45 Time: 7587
Distance: 156.90 Time: 7617
Distance: 162.07 Time: 7647
Distance: 168.79 Time: 7677
Distance: 185.86 Time: 7708
Distance: 173.45 Time: 7738
Distance: 228.10 Time: 7769
Distance: 194.66 Time: 7798
Distance: 185.86 Time: 7828
Distance: 194.14 Time: 7859
Distance: 211.21 Time: 7888
Distance: 198.97 Time: 7919
Distance: 257.07 Time: 7950
Distance: 201.90 Time: 7980
Distance: 173.62 Time: 8009
Distance: 180.17 Time: 8039
Distance: 160.69 Time: 8070
Distance: 164.83 Time: 8099
Distance: 174.48 Time: 8130
Distance: 198.10 Time: 8160
Distance: 178.10 Time: 8190
Distance: 246.55 Time: 8221
Distance: 213.10 Time: 8251
Distance: 182.41 Time: 8281
Distance: 190.52 Time: 8311
Distance: 190.52 Time: 8341
Distance: 186.55 Time: 8371
Distance: 221.03 Time: 8401
Distance: 177.24 Time: 8431
Distance: 173.97 Time: 8462
Distance: 168.45 Time: 8492
Distance: 160.69 Time: 8522
Distance: 168.45 Time: 8552
Distance: 169.48 Time: 8583
Distance: 340.86 Time: 8613
Distance: 182.07 Time: 8643
Distance: 353.62 Time: 8674
Distance: 329.66 Time: 8704
Distance: 238.10 Time: 8733
Distance: 329.83 Time: 8764
Distance: 341.38 Time: 8795
Distance: 212.76 Time: 8823
Distance: 209.14 Time: 8854
Distance: 186.90 Time: 8884
Distance: 172.41 Time: 8914
Distance: 169.83 Time: 8944
Distance: 169.31 Time: 8974
Distance: 172.41 Time: 9005
Distance: 366.03 Time: 9035
Distance: 181.21 Time: 9065
Distance: 206.55 Time: 9095
Distance: 211.03 Time: 9125
Distance: 194.66 Time: 9155
Distance: 207.07 Time: 9186
Distance: 207.07 Time: 9216
Distance: 181.72 Time: 9246
Distance: 169.48 Time: 9276
Distance: 177.07 Time: 9306
Distance: 191.55 Time: 9336
Distance: 160.69 Time: 9366
Distance: 161.21 Time: 9397
Distance: 160.52 Time: 9426
Distance: 212.76 Time: 9457
Distance: 177.59 Time: 9487
Distance: 336.72 Time: 9519
Distance: 194.66 Time: 9547
Distance: 186.03 Time: 9578
Distance: 194.14 Time: 9608
Distance: 197.07 Time: 9638
Distance: 202.76 Time: 9668
Distance: 214.83 Time: 9699
Distance: 205.86 Time: 9729
Distance: 185.86 Time: 9758
Distance: 183.79 Time: 9789
Distance: 164.66 Time: 9819
Distance: 164.66 Time: 9849
Distance: 183.79 Time: 9879
Distance: 177.24 Time: 9910
Distance: 195.69 Time: 9939
Distance: 238.45 Time: 9970
Distance: 209.14 Time: 10000
Distance: 178.28 Time: 10031
Distance: 186.38 Time: 10062
Distance: 186.38 Time: 10093
Distance: 186.38 Time: 10125
Distance: 216.90 Time: 10156
Distance: 181.72 Time: 10187
Distance: 178.79 Time: 10218
Distance: 164.14 Time: 10250
Distance: 160.69 Time: 10280
Distance: 176.72 Time: 10312
Distance: 169.48 Time: 10343
Distance: 212.24 Time: 10375
Distance: 182.24 Time: 10405
Distance: 337.07 Time: 10437
Distance: 212.59 Time: 10468
Distance: 224.48 Time: 10500
Distance: 330.17 Time: 10531
Distance: 341.21 Time: 10562
Distance: 213.10 Time: 10593
Distance: 366.03 Time: 10625
Distance: 179.66 Time: 10655
Distance: 164.66 Time: 10686
Distance: 165.69 Time: 10718
Distance: 164.31 Time: 10748
Distance: 201.21 Time: 10780
Distance: 185.69 Time: 10811
Distance: 202.24 Time: 10843
Distance: 211.03 Time: 10873
Distance: 197.76 Time: 10905
Distance: 202.93 Time: 10936
Distance: 218.79 Time: 10968
Distance: 185.86 Time: 10998
Distance: 165.34 Time: 11029
Distance: 181.21 Time: 11061
Distance: 204.48 Time: 11091
Distance: 160.52 Time: 11123
Distance: 161.21 Time: 11154
Distance: 164.66 Time: 11186
Distance: 195.52 Time: 11216
Distance: 181.72 Time: 11248
Distance: 237.93 Time: 11279
Distance: 194.66 Time: 11311
Distance: 185.86 Time: 11341
Distance: 194.14 Time: 11373
Distance: 207.07 Time: 11404
Distance: 197.76 Time: 11436
Distance: 347.93 Time: 11467
Distance: 196.72 Time: 11498
Distance: 173.97 Time: 11529
Distance: 176.55 Time: 11559
Distance: 160.52 Time: 11591
Distance: 172.41 Time: 11622
Distance: 169.31 Time: 11654
Distance: 200.86 Time: 11684
Distance: 177.76 Time: 11716
Distance: 205.00 Time: 11747
Distance: 182.76 Time: 11779
Distance: 182.24 Time: 11809
Distance: 190.52 Time: 11841
Distance: 186.38 Time: 11872
Distance: 211.38 Time: 11904
Distance: 1349.14 Time: 11941
Distance: 169.48 Time: 11966
Distance: 172.41 Time: 11998
Distance: 160.52 Time: 12028
Distance: 164.31 Time: 12060
Distance: 173.97 Time: 12091
Distance: 336.55 Time: 12124
Distance: 182.24 Time: 12153
Distance: 353.62 Time: 12186
Distance: 325.52 Time: 12217
Distance: 337.07 Time: 12249
Distance: 337.07 Time: 12279
Distance: 337.24 Time: 12311
Distance: 212.76 Time: 12341
Distance: 357.76 Time: 12374
Distance: 183.28 Time: 12403
Distance: 168.97 Time: 12434
Distance: 165.86 Time: 12466
Distance: 164.83 Time: 12496
Distance: 192.93 Time: 12528
Distance: 177.59 Time: 12559
Distance: 193.62 Time: 12591
Distance: 214.31 Time: 12622
Distance: 206.90 Time: 12653
Distance: 202.93 Time: 12684
Distance: 223.97 Time: 12716
Distance: 189.83 Time: 12746
Distance: 165.34 Time: 12778
Distance: 193.97 Time: 12809
Distance: 173.97 Time: 12840
Distance: 168.79 Time: 12871
Distance: 161.55 Time: 12902
Distance: 160.69 Time: 12934
Distance: 271.38 Time: 12965
Distance: 173.62 Time: 12996
Distance: 325.52 Time: 13028
Distance: 186.38 Time: 13059
Distance: 181.72 Time: 13089
Distance: 190.00 Time: 13121
Distance: 198.28 Time: 13152
Distance: 198.62 Time: 13184
Distance: 236.03 Time: 13215
Distance: 201.90 Time: 13246
Distance: 173.45 Time: 13277
Distance: 180.34 Time: 13308
Distance: 160.69 Time: 13339
Distance: 168.97 Time: 13371
Distance: 170.00 Time: 13402
Distance: 208.62 Time: 13433
Distance: 169.31 Time: 13464
Distance: 216.90 Time: 13496
Distance: 187.07 Time: 13527
Distance: 182.24 Time: 13557
Distance: 186.38 Time: 13589
Distance: 186.38 Time: 13620
Distance: 216.38 Time: 13651
Distance: 351.55 Time: 13683
Distance: 169.48 Time: 13714
Distance: 180.17 Time: 13745
Distance: 160.69 Time: 13776
Distance: 160.17 Time: 13807
Distance: 183.28 Time: 13839
Distance: 190.00 Time: 13870
Distance: 186.21 Time: 13901
Distance: 366.38 Time: 13933
Distance: 329.83 Time: 13964
Distance: 212.59 Time: 13995
Distance: 224.66 Time: 14026
Distance: 333.62 Time: 14058
Distance: 211.55 Time: 14089
Distance: 209.14 Time: 14119
Distance: 186.90 Time: 14150
Distance: 172.41 Time: 14182
Distance: 165.86 Time: 14213
Distance: 169.48 Time: 14244
Distance: 176.55 Time: 14275
Distance: 366.03 Time: 14308
Distance: 193.62 Time: 14338
Distance: 227.59 Time: 14369
Distance: 215.34 Time: 14400
Distance: 201.72 Time: 14432
Distance: 207.07 Time: 14462
Distance: 197.24 Time: 14494
Distance: 169.48 Time: 14525
Distance: 336.55 Time: 14557
Distance: 169.31 Time: 14587
Distance: 180.69 Time: 14618
Distance: 160.69 Time: 14650
Distance: 160.52 Time: 14681
Distance: 180.86 Time: 14712
Distance: 169.31 Time: 14743
Distance: 211.21 Time: 14775
Distance: 199.14 Time: 14806
Distance: 185.86 Time: 14837
Distance: 190.00 Time: 14868
Distance: 197.76 Time: 14900
Distance: 202.93 Time: 14930
Distance: 214.83 Time: 14962
Distance: 210.00 Time: 14993
Distance: 186.03 Time: 15024
Distance: 187.76 Time: 15055
Distance: 164.66 Time: 15086
Distance: 160.69 Time: 15118
Distance: 179.14 Time: 15149
Distance: 181.21 Time: 15180
Distance: 169.48 Time: 15211
Distance: 251.90 Time: 15243
Distance: 217.41 Time: 15273
Distance: 178.10 Time: 15305
Distance: 186.38 Time: 15336
Distance: 177.59 Time: 15368
Distance: 186.38 Time: 15398
Distance: 1248.10 Time: 15436
Distance: 173.45 Time: 15462
Distance: 195.52 Time: 15494
Distance: 160.69 Time: 15524
Distance: 160.69 Time: 15555
Distance: 188.45 Time: 15587
Distance: 173.45 Time: 15618
Distance: 199.83 Time: 15649
Distance: 186.21 Time: 15680
Distance: 333.28 Time: 15713
Distance: 212.76 Time: 15742
Distance: 212.59 Time: 15774
Distance: 230.17 Time: 15805
Distance: 331.21 Time: 15837
Distance: 196.21 Time: 15867
Distance: 251.38 Time: 15899
Distance: 176.03 Time: 15930
Distance: 169.31 Time: 15961
Distance: 169.31 Time: 15992
Distance: 168.45 Time: 16023
Distance: 269.31 Time: 16055
Distance: 185.34 Time: 16086
Distance: 206.55 Time: 16117
Distance: 218.79 Time: 16149
Distance: 198.62 Time: 16180
Distance: 207.41 Time: 16210
Distance: 207.07 Time: 16242
Distance: 173.62 Time: 16273
Distance: 207.93 Time: 16305
Distance: 177.59 Time: 16335
Distance: 188.45 Time: 16367
Distance: 160.69 Time: 16398
Distance: 161.21 Time: 16429
Distance: 172.93 Time: 16460
Distance: 178.10 Time: 16491
Distance: 185.86 Time: 16523
Distance: 232.24 Time: 16555
Distance: 185.69 Time: 16585
Distance: 190.00 Time: 16616
Distance: 194.14 Time: 16648
Distance: 202.76 Time: 16678
Distance: 207.41 Time: 16710
Distance: 343.62 Time: 16742
Distance: 190.00 Time: 16773
Distance: 182.76 Time: 16803
Distance: 172.59 Time: 16835
Distance: 160.69 Time: 16866
Distance: 180.17 Time: 16898
Distance: 177.24 Time: 16928
Distance: 212.24 Time: 16960
Distance: 239.48 Time: 16991
Distance: 208.10 Time: 17022
Distance: 191.03 Time: 17053
Distance: 186.38 Time: 17084
Distance: 190.52 Time: 17116
Distance: 186.55 Time: 17146
Distance: 216.72 Time: 17178
Distance: 185.86 Time: 17209
Distance: 173.97 Time: 17241
Distance: 168.45 Time: 17271
Distance: 160.69 Time: 17303
Distance: 172.41 Time: 17334
Distance: 169.31 Time: 17366
Distance: 229.31 Time: 17396
Distance: 181.21 Time: 17428
Distance: 337.07 Time: 17460
Distance: 215.52 Time: 17490
Distance: 242.41 Time: 17521
Distance: 330.17 Time: 17553
Distance: 336.90 Time: 17585
Distance: 204.48 Time: 17614
Distance: 365.69 Time: 17647